<?xml version="1.0" encoding="UTF-8"?>
<testsuite xmlns:xsi="http://www.w3.org/2001/XMLSchema-instance" xsi:noNamespaceSchemaLocation="https://maven.apache.org/surefire/maven-surefire-plugin/xsd/surefire-test-report.xsd" name="test.dao.UserDaoTest" time="0.082" tests="1" errors="0" skipped="0" failures="0">
  <properties>
    <property name="gopherProxySet" value="false"/>
    <property name="awt.toolkit" value="sun.lwawt.macosx.LWCToolkit"/>
    <property name="file.encoding.pkg" value="sun.io"/>
    <property name="java.specification.version" value="1.8"/>
    <property name="sun.cpu.isalist" value=""/>
    <property name="sun.jnu.encoding" value="UTF-8"/>
    <property name="java.class.path" value="/Users/okay3r/Documents/workSpace/JavaProject/okay3rStudy/mybatis-framework/target/test-classes:/Users/okay3r/Documents/workSpace/JavaProject/okay3rStudy/mybatis-framework/target/classes:/Users/okay3r/Documents/workRepo/mvn-repo/junit/junit/4.11/junit-4.11.jar:/Users/okay3r/Documents/workRepo/mvn-repo/org/hamcrest/hamcrest-core/1.3/hamcrest-core-1.3.jar:/Users/okay3r/Documents/workRepo/mvn-repo/mysql/mysql-connector-java/5.1.35/mysql-connector-java-5.1.35.jar:/Users/okay3r/Documents/workRepo/mvn-repo/dom4j/dom4j/1.6.1/dom4j-1.6.1.jar:/Users/okay3r/Documents/workRepo/mvn-repo/xml-apis/xml-apis/1.0.b2/xml-apis-1.0.b2.jar:/Users/okay3r/Documents/workRepo/mvn-repo/jaxen/jaxen/1.1.6/jaxen-1.1.6.jar:/Users/okay3r/Documents/workRepo/mvn-repo/commons-dbcp/commons-dbcp/1.4/commons-dbcp-1.4.jar:/Users/okay3r/Documents/workRepo/mvn-repo/commons-pool/commons-pool/1.5.4/commons-pool-1.5.4.jar:"/>
    <property name="java.vm.vendor" value="Oracle Corporation"/>
    <property name="sun.arch.data.model" value="64"/>
    <property name="java.vendor.url" value="http://java.oracle.com/"/>
    <property name="user.timezone" value=""/>
    <property name="java.vm.specification.version" value="1.8"/>
    <property name="os.name" value="Mac OS X"/>
    <property name="user.country" value="CN"/>
    <property name="sun.java.launcher" value="SUN_STANDARD"/>
    <property name="sun.boot.library.path" value="/Library/Java/JavaVirtualMachines/jdk1.8.0_231.jdk/Contents/Home/jre/lib"/>
    <property name="sun.java.command" value="/Users/okay3r/Documents/workSpace/JavaProject/okay3rStudy/mybatis-framework/target/surefire/surefirebooter6461368462187786227.jar /Users/okay3r/Documents/workSpace/JavaProject/okay3rStudy/mybatis-framework/target/surefire 2019-12-06T13-29-15_673-jvmRun1 surefire6715486672846890971tmp surefire_01033437698308005152tmp"/>
    <property name="surefire.test.class.path" value="/Users/okay3r/Documents/workSpace/JavaProject/okay3rStudy/mybatis-framework/target/test-classes:/Users/okay3r/Documents/workSpace/JavaProject/okay3rStudy/mybatis-framework/target/classes:/Users/okay3r/Documents/workRepo/mvn-repo/junit/junit/4.11/junit-4.11.jar:/Users/okay3r/Documents/workRepo/mvn-repo/org/hamcrest/hamcrest-core/1.3/hamcrest-core-1.3.jar:/Users/okay3r/Documents/workRepo/mvn-repo/mysql/mysql-connector-java/5.1.35/mysql-connector-java-5.1.35.jar:/Users/okay3r/Documents/workRepo/mvn-repo/dom4j/dom4j/1.6.1/dom4j-1.6.1.jar:/Users/okay3r/Documents/workRepo/mvn-repo/xml-apis/xml-apis/1.0.b2/xml-apis-1.0.b2.jar:/Users/okay3r/Documents/workRepo/mvn-repo/jaxen/jaxen/1.1.6/jaxen-1.1.6.jar:/Users/okay3r/Documents/workRepo/mvn-repo/commons-dbcp/commons-dbcp/1.4/commons-dbcp-1.4.jar:/Users/okay3r/Documents/workRepo/mvn-repo/commons-pool/commons-pool/1.5.4/commons-pool-1.5.4.jar:"/>
    <property name="sun.cpu.endian" value="little"/>
    <property name="user.home" value="/Users/okay3r"/>
    <property name="user.language" value="zh"/>
    <property name="java.specification.vendor" value="Oracle Corporation"/>
    <property name="java.home" value="/Library/Java/JavaVirtualMachines/jdk1.8.0_231.jdk/Contents/Home/jre"/>
    <property name="basedir" value="/Users/okay3r/Documents/workSpace/JavaProject/okay3rStudy/mybatis-framework"/>
    <property name="file.separator" value="/"/>
    <property name="line.separator" value="&#10;"/>
    <property name="java.vm.specification.vendor" value="Oracle Corporation"/>
    <property name="java.specification.name" value="Java Platform API Specification"/>
    <property name="java.awt.graphicsenv" value="sun.awt.CGraphicsEnvironment"/>
    <property name="surefire.real.class.path" value="/Users/okay3r/Documents/workSpace/JavaProject/okay3rStudy/mybatis-framework/target/surefire/surefirebooter6461368462187786227.jar"/>
    <property name="sun.boot.class.path" value="/Library/Java/JavaVirtualMachines/jdk1.8.0_231.jdk/Contents/Home/jre/lib/resources.jar:/Library/Java/JavaVirtualMachines/jdk1.8.0_231.jdk/Contents/Home/jre/lib/rt.jar:/Library/Java/JavaVirtualMachines/jdk1.8.0_231.jdk/Contents/Home/jre/lib/sunrsasign.jar:/Library/Java/JavaVirtualMachines/jdk1.8.0_231.jdk/Contents/Home/jre/lib/jsse.jar:/Library/Java/JavaVirtualMachines/jdk1.8.0_231.jdk/Contents/Home/jre/lib/jce.jar:/Library/Java/JavaVirtualMachines/jdk1.8.0_231.jdk/Contents/Home/jre/lib/charsets.jar:/Library/Java/JavaVirtualMachines/jdk1.8.0_231.jdk/Contents/Home/jre/lib/jfr.jar:/Library/Java/JavaVirtualMachines/jdk1.8.0_231.jdk/Contents/Home/jre/classes"/>
    <property name="sun.management.compiler" value="HotSpot 64-Bit Tiered Compilers"/>
    <property name="java.runtime.version" value="1.8.0_231-b11"/>
    <property name="user.name" value="okay3r"/>
    <property name="path.separator" value=":"/>
    <property name="os.version" value="10.14.6"/>
    <property name="java.endorsed.dirs" value="/Library/Java/JavaVirtualMachines/jdk1.8.0_231.jdk/Contents/Home/jre/lib/endorsed"/>
    <property name="java.runtime.name" value="Java(TM) SE Runtime Environment"/>
    <property name="file.encoding" value="UTF-8"/>
    <property name="java.vm.name" value="Java HotSpot(TM) 64-Bit Server VM"/>
    <property name="localRepository" value="/Users/okay3r/Documents/workRepo/mvn-repo"/>
    <property name="java.vendor.url.bug" value="http://bugreport.sun.com/bugreport/"/>
    <property name="java.io.tmpdir" value="/var/folders/qb/cw7h8twx45qbzb7_t86x92y00000gn/T/"/>
    <property name="java.version" value="1.8.0_231"/>
    <property name="user.dir" value="/Users/okay3r/Documents/workSpace/JavaProject/okay3rStudy/mybatis-framework"/>
    <property name="os.arch" value="x86_64"/>
    <property name="java.vm.specification.name" value="Java Virtual Machine Specification"/>
    <property name="java.awt.printerjob" value="sun.lwawt.macosx.CPrinterJob"/>
    <property name="sun.os.patch.level" value="unknown"/>
    <property name="java.library.path" value="/Users/okay3r/Library/Java/Extensions:/Library/Java/Extensions:/Network/Library/Java/Extensions:/System/Library/Java/Extensions:/usr/lib/java:."/>
    <property name="java.vm.info" value="mixed mode"/>
    <property name="java.vendor" value="Oracle Corporation"/>
    <property name="java.vm.version" value="25.231-b11"/>
    <property name="idea.version2019.3" value="true"/>
    <property name="java.ext.dirs" value="/Users/okay3r/Library/Java/Extensions:/Library/Java/JavaVirtualMachines/jdk1.8.0_231.jdk/Contents/Home/jre/lib/ext:/Library/Java/Extensions:/Network/Library/Java/Extensions:/System/Library/Java/Extensions:/usr/lib/java"/>
    <property name="sun.io.unicode.encoding" value="UnicodeBig"/>
    <property name="maven.repo.local" value="/Users/okay3r/Documents/workRepo/mvn-repo"/>
    <property name="java.class.version" value="52.0"/>
  </properties>
  <testcase name="queryUserById" classname="test.dao.UserDaoTest" time="0.06"/>
</testsuite>